[20:39:02] [main/INFO] (FabricLoader/GameProvider) Loading Minecraft 26.2 with Fabric Loader 0.19.3
[20:39:02] [main/INFO] (FabricLoader/Mappings) Mappings not present!
[20:39:02] [main/INFO] (FabricLoader) Loading 43 mods:
	- cubeconquest 1.0.0
	- fabric-api 0.153.0+26.2
	   |-- fabric-key-mapping-api-v1 2.0.5+e2bdee789e
	   |-- fabric-model-loading-api-v1 8.0.13+c80601bb9e
	   |-- fabric-renderer-api-v1 14.1.0+2b0d8a229e
	   |-- fabric-renderer-indigo 9.1.0+2b0d8a229e
	   |-- fabric-rendering-v1 25.2.0+2b0d8a229e
	   |-- fabric-screen-api-v1 5.0.4+ffbe97199e
	   \-- fabric-sound-api-v1 2.0.5+11a26f319e
	- fabric-api-base 2.0.4+ece063239e
	- fabric-api-lookup-api-v1 2.0.17+11e1c9a39e
	- fabric-biome-api-v1 18.0.6+c7bd5b8e9e
	- fabric-block-api-v1 3.0.3+ec56b6019e
	- fabric-block-getter-api-v2 2.0.7+ec56b6019e
	- fabric-command-api-v2 3.1.0+00cb03469e
	- fabric-content-registries-v0 11.2.2+b7a678a99e
	- fabric-convention-tags-v2 4.7.0+1f023a9e9e
	- fabric-crash-report-info-v1 1.0.5+086d547a9e
	- fabric-creative-tab-api-v1 5.0.14+d871b99e9e
	- fabric-data-attachment-api-v1 2.2.16+aa0fd6fe9e
	- fabric-data-generation-api-v1 25.4.3+5e56e5409e
	- fabric-debug-api-v1 1.0.2+c792624d9e
	- fabric-dimensions-v1 5.1.9+9cbf5da59e
	- fabric-entity-events-v1 5.0.5+06488ac19e
	- fabric-events-interaction-v0 5.2.6+8f57f7ee9e
	- fabric-game-rule-api-v1 4.0.8+46a6d00c9e
	- fabric-gametest-api-v1 4.0.21+4a7fa0819e
	- fabric-item-api-v1 14.2.0+7aec7be39e
	- fabric-lifecycle-events-v1 4.1.3+4575b05f9e
	- fabric-loot-api-v3 3.0.17+06488ac19e
	- fabric-menu-api-v1 2.0.16+086d547a9e
	- fabric-message-api-v1 7.0.7+086d547a9e
	- fabric-networking-api-v1 6.3.3+72073ef09e
	- fabric-object-builder-api-v1 24.0.6+46a6d00c9e
	- fabric-particles-v1 5.0.18+d1756aa99e
	- fabric-permission-api-v1 1.0.2+7c33558a9e
	- fabric-recipe-api-v1 9.0.20+11e1c9a39e
	- fabric-registry-sync-v0 7.1.0+c7bd5b8e9e
	- fabric-rendering-fluids-v1 6.0.4+06488ac19e
	- fabric-resource-conditions-api-v1 6.1.0+10e9a28b9e
	- fabric-resource-loader-v0 3.3.20+4fc5413f9e
	- fabric-resource-loader-v1 2.0.13+9edec1269e
	- fabric-serialization-api-v1 2.0.4+11a26f319e
	- fabric-tag-api-v1 2.1.3+794df31d9e
	- fabric-transfer-api-v1 8.0.11+39b5a3929e
	- fabric-transitive-access-wideners-v1 8.1.3+e098252d9e
	- fabricloader 0.19.3
	- java 25
	- minecraft 26.2
	- mixinextras 0.5.4
[20:39:03] [main/INFO] (FabricLoader/Mixin) SpongePowered MIXIN Subsystem Version=0.8.7 Source=file:/C:/Users/Chixi/.gradle/caches/modules-2/files-2.1/net.fabricmc/sponge-mixin/0.17.3+mixin.0.8.7/41c4a3984a80f4679e759fb9f495587acc5cdac7/sponge-mixin-0.17.3+mixin.0.8.7.jar Service=Knot/Fabric Env=SERVER
[20:39:03] [main/INFO] (FabricLoader/Mixin) Compatibility level set to JAVA_25
[20:39:04] [main/INFO] (FabricLoader/MixinExtras|Service) Initializing MixinExtras via com.llamalad7.mixinextras.service.MixinExtrasServiceImpl(version=0.5.4).
[20:39:15] [main/INFO] (cubeconquest) CubeConquest loaded.
[20:39:16] [main/INFO] (Minecraft) Environment: Environment[sessionHost=https://sessionserver.mojang.com, servicesHost=https://api.minecraftservices.com, profilesHost=https://api.mojang.com, name=PROD]
[20:39:18] [main/INFO] (Minecraft) Loaded 1585 recipes
[20:39:18] [main/INFO] (Minecraft) Loaded 1688 advancements
[20:39:18] [main/INFO] (BiomeModificationImpl) Applied 0 biome modifications to 0 of 66 new biomes in 1.526 ms
[20:39:18] [Server thread/INFO] (Minecraft) Starting minecraft server version 26.2
[20:39:18] [Server thread/INFO] (Minecraft) Loading properties
[20:39:18] [Server thread/INFO] (Minecraft) Default game type: SURVIVAL
[20:39:18] [Server thread/INFO] (Minecraft) Generating keypair
[20:39:18] [Server thread/INFO] (Minecraft) Starting Minecraft server on *:25565
[20:39:19] [Server thread/WARN] (Minecraft) **** SERVER IS RUNNING IN OFFLINE/INSECURE MODE!
[20:39:19] [Server thread/WARN] (Minecraft) The server will make no attempt to authenticate usernames. Beware.
[20:39:19] [Server thread/WARN] (Minecraft) While this makes the game possible to play without internet access, it also opens up the ability for hackers to connect with any username they choose.
[20:39:19] [Server thread/WARN] (Minecraft) To change this, set "online-mode" to "true" in the server.properties file.
[20:39:19] [Server thread/INFO] (Minecraft) Preparing level "world"
[20:39:19] [Server thread/INFO] (Minecraft) Loading 0 persistent chunks...
[20:39:19] [Server thread/INFO] (Minecraft) Preparing spawn area: 100%
[20:39:19] [Server thread/INFO] (Minecraft) Time elapsed: 69 ms
[20:39:19] [Server thread/INFO] (Minecraft) Done (0.572s)! For help, type "help"
[20:39:19] [Server thread/INFO] (Minecraft) Saving chunks for level 'ServerLevel[world]'/minecraft:overworld
[20:39:19] [Server thread/INFO] (Minecraft) Saving chunks for level 'ServerLevel[world]'/minecraft:the_nether
[20:39:19] [Server thread/INFO] (Minecraft) Saving chunks for level 'ServerLevel[world]'/minecraft:the_end
[20:39:19] [Server thread/INFO] (Minecraft) ThreadedAnvilChunkStorage (world): All chunks are saved
[20:39:19] [Server thread/INFO] (Minecraft) ThreadedAnvilChunkStorage (DIM-1): All chunks are saved
[20:39:19] [Server thread/INFO] (Minecraft) ThreadedAnvilChunkStorage (DIM1): All chunks are saved
[20:39:19] [Server thread/INFO] (Minecraft) ThreadedAnvilChunkStorage: All dimensions are saved
[20:39:21] [Server thread/INFO] (Minecraft) Joueur1[/127.0.0.1:49950] logged in with entity id 33 at (-6.678095628872669, 98.0, -13.32171684481999)
[20:39:21] [Server thread/INFO] (Minecraft) Joueur1 joined the game
[20:39:49] [Server thread/INFO] (Minecraft) Joueur2[/127.0.0.1:57357] logged in with entity id 297 at (-15.289549325876193, 99.0, -7.703053772766454)
[20:39:49] [Server thread/INFO] (Minecraft) Joueur2 joined the game
[20:39:59] [Server thread/INFO] (Minecraft) [Joueur2: The difficulty has been set to Peaceful]
[20:40:02] [Server thread/INFO] (Minecraft) [Joueur2: Joueur1 added to Blue team.]
[20:40:05] [Server thread/INFO] (Minecraft) [Joueur2: Joueur2 added to Red team.]
[20:40:11] [Server thread/INFO] (Minecraft) [Joueur2: Overworld-only placement: disabled]
[20:40:17] [Server thread/INFO] (Minecraft) [Joueur2: Game started!]
[20:40:29] [Server thread/INFO] (cubeconquest) BLUE cube placed at BlockPos{x=-7, y=106, z=-24} in minecraft:overworld
[20:40:34] [Server thread/INFO] (cubeconquest) RED cube placed at BlockPos{x=-21, y=57, z=-4} in minecraft:the_nether
[20:44:25] [Server thread/INFO] (Minecraft) Joueur1 has made the advancement [We Need to Go Deeper]
[20:45:05] [Server thread/INFO] (Minecraft) Joueur1 lost connection: Disconnected
[20:45:05] [Server thread/INFO] (Minecraft) Joueur1 left the game
[20:45:06] [Server thread/INFO] (Minecraft) Joueur2 lost connection: Disconnected
[20:45:06] [Server thread/INFO] (Minecraft) Joueur2 left the game
[20:46:06] [Server thread/INFO] (Minecraft) Server empty for 60 seconds, pausing

	at java.base/java.lang.Thread.run(Thread.java:1474)
Caused by: MinecraftClientHttpException[type=HTTP_ERROR, status=401, response=ErrorResponse[path=/player/attributes, error=null, errorMessage=null, details=null]]
	at knot//com.mojang.authlib.minecraft.client.MinecraftClient.buildHttpException(MinecraftClient.java:170)
	at knot//com.mojang.authlib.minecraft.client.MinecraftClient.readServiceResponse(MinecraftClient.java:147)
	at knot//com.mojang.authlib.minecraft.client.MinecraftClient.getWithEtag(MinecraftClient.java:81)
	at knot//com.mojang.authlib.minecraft.client.MinecraftClient.get(MinecraftClient.java:65)
	at knot//com.mojang.authlib.yggdrasil.YggdrasilUserApiService.fetchProperties(YggdrasilUserApiService.java:123)
	... 5 more
[20:39:25] [Render thread/INFO] (cubeconquest) CubeConquest loaded.
[20:39:25] [Render thread/INFO] (Indigo) [Indigo] Registering Indigo renderer!
[20:39:26] [Render thread/INFO] (Minecraft) Backend library: LWJGL version 3.4.1-snapshot
[20:39:27] [Render thread/INFO] (Minecraft) Using graphics backend OpenGL, using drivers: 3.3.0 NVIDIA 595.79
[20:39:27] [Render thread/INFO] (Minecraft) Using graphics device: NVIDIA GeForce RTX 3060/PCIe/SSE2 (NVIDIA Corporation)
[20:39:27] [Render thread/INFO] (Minecraft) Using graphics device extensions: GL_ARB_multi_draw_indirect, GL_ARB_buffer_storage, GL_ARB_shader_draw_parameters, GL_ARB_base_instance, GL_KHR_debug, GL_ARB_draw_indirect, GL_ARB_clip_control, GL_ARB_vertex_attrib_binding, GL_ARB_direct_state_access, GL_EXT_texture_filter_anisotropic
[20:39:28] [Download-2/INFO] (Minecraft) Could not authorize you against Realms server: java.lang.RuntimeException: Failed to parse into SignedJWT: FabricMC
[20:39:28] [Download-2/ERROR] (Minecraft) Failed to fetch Realms feature flags
com.mojang.realmsclient.exception.RealmsServiceException: Realms authentication error with message 'java.lang.RuntimeException: Failed to parse into SignedJWT: FabricMC'
	at knot//com.mojang.realmsclient.client.RealmsClient.execute(RealmsClient.java:528)
	at knot//com.mojang.realmsclient.client.RealmsClient.fetchFeatureFlags(RealmsClient.java:187)
	at java.base/java.util.concurrent.CompletableFuture$AsyncSupply.run(CompletableFuture.java:1789)
	at java.base/java.util.concurrent.ThreadPoolExecutor.runWorker(ThreadPoolExecutor.java:1090)
	at java.base/java.util.concurrent.ThreadPoolExecutor$Worker.run(ThreadPoolExecutor.java:614)
	at java.base/java.lang.Thread.run(Thread.java:1474)
[20:39:28] [Render thread/INFO] (Minecraft) Reloading ResourceManager: vanilla, cubeconquest, fabric-api, fabric-api-base, fabric-api-lookup-api-v1, fabric-biome-api-v1, fabric-block-api-v1, fabric-block-getter-api-v2, fabric-client-gametest-api-v1, fabric-command-api-v2, fabric-content-registries-v0, fabric-convention-tags-v2, fabric-crash-report-info-v1, fabric-creative-tab-api-v1, fabric-data-attachment-api-v1, fabric-data-generation-api-v1, fabric-debug-api-v1, fabric-dimensions-v1, fabric-entity-events-v1, fabric-events-interaction-v0, fabric-game-rule-api-v1, fabric-gametest-api-v1, fabric-item-api-v1, fabric-key-mapping-api-v1, fabric-lifecycle-events-v1, fabric-loot-api-v3, fabric-menu-api-v1, fabric-message-api-v1, fabric-model-loading-api-v1, fabric-networking-api-v1, fabric-object-builder-api-v1, fabric-particles-v1, fabric-permission-api-v1, fabric-recipe-api-v1, fabric-registry-sync-v0, fabric-renderer-api-v1, fabric-renderer-indigo, fabric-rendering-fluids-v1, fabric-rendering-v1, fabric-resource-conditions-api-v1, fabric-resource-loader-v0, fabric-resource-loader-v1, fabric-screen-api-v1, fabric-serialization-api-v1, fabric-sound-api-v1, fabric-tag-api-v1, fabric-transfer-api-v1, fabric-transitive-access-wideners-v1, fabricloader
[20:39:29] [Worker-Main-3/INFO] (Minecraft) Found unifont_pua-17.0.01.hex, loading
[20:39:29] [Worker-Main-5/INFO] (Minecraft) Found unifont_all_no_pua-17.0.01.hex, loading
[20:39:29] [Worker-Main-1/INFO] (Minecraft) Found unifont_jp_patch-17.0.01.hex, loading
[20:39:30] [Render thread/INFO] (Minecraft) OpenAL initialized on device OpenAL Soft on Casque (JBL LIVE460NC)
[20:39:30] [Render thread/INFO] (Minecraft) Sound engine started
[20:39:30] [Render thread/INFO] (Minecraft) Created: 512x256x0 minecraft:textures/atlas/particles.png-atlas
[20:39:30] [Render thread/INFO] (Minecraft) Created: 128x128x0 minecraft:textures/atlas/decorated_pot.png-atlas
[20:39:30] [Render thread/INFO] (Minecraft) Created: 2048x1024x0 minecraft:textures/atlas/armor_trims.png-atlas
[20:39:30] [Render thread/INFO] (Minecraft) Created: 512x256x0 minecraft:textures/atlas/paintings.png-atlas
[20:39:30] [Render thread/INFO] (Minecraft) Created: 1024x512x0 minecraft:textures/atlas/shield_patterns.png-atlas
[20:39:30] [Render thread/INFO] (Minecraft) Created: 2048x2048x4 minecraft:textures/atlas/blocks.png-atlas
[20:39:30] [Render thread/INFO] (Minecraft) Created: 512x512x0 minecraft:textures/atlas/chest.png-atlas
[20:39:30] [Render thread/INFO] (Minecraft) Created: 256x128x0 minecraft:textures/atlas/celestials.png-atlas
[20:39:30] [Render thread/INFO] (Minecraft) Created: 1024x512x0 minecraft:textures/atlas/banner_patterns.png-atlas
[20:39:30] [Render thread/INFO] (Minecraft) Created: 1024x512x0 minecraft:textures/atlas/items.png-atlas
[20:39:30] [Render thread/INFO] (Minecraft) Created: 1024x1024x0 minecraft:textures/atlas/gui.png-atlas
[20:39:30] [Render thread/INFO] (Minecraft) Created: 128x64x0 minecraft:textures/atlas/map_decorations.png-atlas
[20:39:30] [Render thread/INFO] (Minecraft) Created: 512x512x0 minecraft:textures/atlas/shulker_boxes.png-atlas
[20:39:31] [Download-2/INFO] (Minecraft) Could not authorize you against Realms server: java.lang.RuntimeException: Failed to parse into SignedJWT: FabricMC
[20:39:31] [Download-2/ERROR] (Minecraft) Couldn't connect to realms
com.mojang.realmsclient.exception.RealmsServiceException: Realms authentication error with message 'java.lang.RuntimeException: Failed to parse into SignedJWT: FabricMC'
	at knot//com.mojang.realmsclient.client.RealmsClient.execute(RealmsClient.java:528)
	at knot//com.mojang.realmsclient.client.RealmsClient.clientCompatible(RealmsClient.java:308)
	at knot//com.mojang.realmsclient.RealmsAvailability.lambda$check$0(RealmsAvailability.java:48)
	at java.base/java.util.concurrent.CompletableFuture$AsyncSupply.run(CompletableFuture.java:1789)
	at java.base/java.util.concurrent.ThreadPoolExecutor.runWorker(ThreadPoolExecutor.java:1090)
	at java.base/java.util.concurrent.ThreadPoolExecutor$Worker.run(ThreadPoolExecutor.java:614)
	at java.base/java.la[20:39:49] [Render thread/INFO] (Minecraft) [System] [CHAT] Joueur2 joined the game
[20:40:17] [Render thread/INFO] (Minecraft) [System] [CHAT] You are the cube carrier!
[20:40:17] [Render thread/INFO] (Minecraft) [System] [CHAT] Game starting! PvP disabled.
[20:40:27] [Render thread/INFO] (Minecraft) [System] [CHAT] Place your Cube!
[20:40:34] [Render thread/INFO] (Minecraft) [System] [CHAT] COMBAT! Destroy the enemy cube!
[20:44:25] [Render thread/INFO] (Minecraft) [System] [CHAT] Joueur1 has made the advancement [We Need to Go Deeper]
[20:44:25] [Render thread/INFO] (Minecraft) Loaded 29 advancements
[20:44:25] [Render thread/INFO] (Minecraft) Loaded 29 advancements
[20:44:27] [Render thread/INFO] (Minecraft) Resizing Chunk Sections UBO, capacity limit of 512 reached during a single frame. New capacity will be 1024.
[20:45:05] [Render thread/INFO] (Minecraft) Stopping!
t knot//net.minecraft.client.multiplayer.AccountProfileKeyPairManager.lambda$readOrFetchProfileKeyPair$0(AccountProfileKeyPairManager.java:77)
	at java.base/java.util.concurrent.CompletableFuture$AsyncSupply.run(CompletableFuture.java:1789)
	at java.base/java.util.concurrent.ThreadPoolExecutor.runWorker(ThreadPoolExecutor.java:1090)
	at java.base/java.util.concurrent.ThreadPoolExecutor$Worker.run(ThreadPoolExecutor.java:614)
	at java.base/java.lang.Thread.run(Thread.java:1474)
[20:39:50] [Render thread/INFO] (Minecraft) Loaded 31 advancements
[20:39:50] [Render thread/INFO] (Minecraft) Resizing Dynamic Transforms UBO, capacity limit of 2 reached during a single frame. New capacity will be 4.
[20:39:50] [Render thread/INFO] (Minecraft) Resizing Dynamic Transforms UBO, capacity limit of 4 reached during a single frame. New capacity will be 8.
[20:39:50] [Render thread/INFO] (Minecraft) Resizing Chunk Sections UBO, capacity limit of 2 reached during a single frame. New capacity will be 4.
[20:39:50] [Render thread/INFO] (Minecraft) Resizing Chunk Sections UBO, capacity limit of 4 reached during a single frame. New capacity will be 16.
[20:39:50] [Render thread/INFO] (Minecraft) Resizing Dynamic Transforms UBO, capacity limit of 8 reached during a single frame. New capacity will be 16.
[20:39:50] [Render thread/INFO] (Minecraft) Resizing Chunk Sections UBO, capacity limit of 16 reached during a single frame. New capacity will be 32.
[20:39:51] [Render thread/INFO] (Minecraft) Resizing Chunk Sections UBO, capacity limit of 32 reached during a single frame. New capacity will be 64.
[20:39:51] [Render thread/INFO] (Minecraft) Resizing Chunk Sections UBO, capacity limit of 64 reached during a single frame. New capacity will be 128.
[20:39:51] [Render thread/INFO] (Minecraft) Resizing Chunk Sections UBO, capacity limit of 128 reached during a single frame. New capacity will be 256.
[20:39:51] [Render thread/INFO] (Minecraft) Resizing Chunk Sections UBO, capacity limit of 256 reached during a single frame. New capacity will be 512.
[20:39:59] [Render thread/INFO] (Minecraft) [System] [CHAT] The difficulty has been set to Peaceful
[20:40:02] [Render thread/INFO] (Minecraft) [System] [CHAT] Joueur1 added to Blue team.
[20:40:05] [Render thread/INFO] (Minecraft) [System] [CHAT] Joueur2 added to Red team.
[20:40:07] [Render thread/INFO] (Minecraft) [System] [CHAT] No game is running.
[20:40:11] [Render thread/INFO] (Minecraft) [System] [CHAT] Overworld-only placement: disabled
[20:40:17] [Render thread/INFO] (Minecraft) [System] [CHAT] You are the cube carrier!
[20:40:17] [Render thread/INFO] (Minecraft) [System] [CHAT] Game starting! PvP disabled.
[20:40:17] [Render thread/INFO] (Minecraft) [System] [CHAT] Game started!
[20:40:27] [Render thread/INFO] (Minecraft) [System] [CHAT] Place your Cube!
[20:40:34] [Render thread/INFO] (Minecraft) [System] [CHAT] COMBAT! Destroy the enemy cube!
[20:40:35] [Render thread/INFO] (Minecraft) Resizing Chunk Sections UBO, capacity limit of 512 reached during a single frame. New capacity will be 1024.
[20:44:25] [Render thread/INFO] (Minecraft) [System] [CHAT] Joueur1 has made the advancement [We Need to Go Deeper]
[20:45:05] [Render thread/INFO] (Minecraft) [System] [CHAT] Joueur1 left the game
[20:45:06] [Render thread/INFO] (Minecraft) Stopping!
